Warning: ignoring unsupported tag `ALLOW_UNICODE_NAMES    =' at line 79, file ../doxyfile
Warning: ignoring unsupported tag `GROUP_NESTED_COMPOUNDS =' at line 351, file ../doxyfile
Warning: ignoring unsupported tag `HIDE_COMPOUND_REFERENCE=' at line 522, file ../doxyfile
Warning: ignoring unsupported tag `LATEX_EXTRA_STYLESHEET =' at line 1667, file ../doxyfile
Warning: ignoring unsupported tag `RTF_SOURCE_CODE        =' at line 1792, file ../doxyfile
Warning: ignoring unsupported tag `MAN_SUBDIR             =' at line 1827, file ../doxyfile
Warning: ignoring unsupported tag `DOCBOOK_PROGRAMLISTING =' at line 1890, file ../doxyfile
Warning: ignoring unsupported tag `PLANTUML_JAR_PATH      =' at line 2319, file ../doxyfile
Warning: ignoring unsupported tag `PLANTUML_INCLUDE_PATH  =' at line 2324, file ../doxyfile
/home/travis/build/uos3/obc-firmware/src/board/board.h:2: warning: missing title after \defgroup board
/home/travis/build/uos3/obc-firmware/src/board/debug.h:2: warning: missing title after \defgroup debug
/home/travis/build/uos3/obc-firmware/src/board/delay.h:2: warning: missing title after \defgroup delay
/home/travis/build/uos3/obc-firmware/src/board/fram.h:2: warning: missing title after \defgroup fram
/home/travis/build/uos3/obc-firmware/src/board/gpio.h:2: warning: missing title after \defgroup gpio
/home/travis/build/uos3/obc-firmware/src/board/led.h:2: warning: missing title after \defgroup led
/home/travis/build/uos3/obc-firmware/src/board/random.h:2: warning: missing title after \defgroup random
Searching for include files...
Searching for example files...
Searching for images...
Searching for dot files...
Searching for msc files...
Searching for dia files...
Searching for files to exclude
Searching for files to process...
Searching for files in directory /home/travis/build/uos3/obc-firmware/src
Searching for files in directory /home/travis/build/uos3/obc-firmware/src/board
Searching for files in directory /home/travis/build/uos3/obc-firmware/src/board/gnulinux
Searching for files in directory /home/travis/build/uos3/obc-firmware/src/board/susf-telecommand
Searching for files in directory /home/travis/build/uos3/obc-firmware/src/board/uos3-proto
Searching for files in directory /home/travis/build/uos3/obc-firmware/src/buffer
Searching for files in directory /home/travis/build/uos3/obc-firmware/src/buffer/test
Searching for files in directory /home/travis/build/uos3/obc-firmware/src/cc1125
Searching for files in directory /home/travis/build/uos3/obc-firmware/src/main
Searching for files in directory /home/travis/build/uos3/obc-firmware/src/packet
Searching for files in directory /home/travis/build/uos3/obc-firmware/src/packet/test
Searching for files in directory /home/travis/build/uos3/obc-firmware/src/suz
Reading and parsing tag files
Parsing files
Reading /home/travis/build/uos3/obc-firmware/src/board/board.dox...
Parsing file /home/travis/build/uos3/obc-firmware/src/board/board.dox...
Reading /home/travis/build/uos3/obc-firmware/src/board/board.h...
Parsing file /home/travis/build/uos3/obc-firmware/src/board/board.h...
Reading /home/travis/build/uos3/obc-firmware/src/board/debug.h...
Parsing file /home/travis/build/uos3/obc-firmware/src/board/debug.h...
Reading /home/travis/build/uos3/obc-firmware/src/board/delay.h...
Parsing file /home/travis/build/uos3/obc-firmware/src/board/delay.h...
Reading /home/travis/build/uos3/obc-firmware/src/board/fram.h...
Parsing file /home/travis/build/uos3/obc-firmware/src/board/fram.h...
Reading /home/travis/build/uos3/obc-firmware/src/board/gnulinux/board.c...
Parsing file /home/travis/build/uos3/obc-firmware/src/board/gnulinux/board.c...
Reading /home/travis/build/uos3/obc-firmware/src/board/gnulinux/board.h...
Parsing file /home/travis/build/uos3/obc-firmware/src/board/gnulinux/board.h...
Reading /home/travis/build/uos3/obc-firmware/src/board/gnulinux/debug.c...
Parsing file /home/travis/build/uos3/obc-firmware/src/board/gnulinux/debug.c...
Reading /home/travis/build/uos3/obc-firmware/src/board/gnulinux/delay.c...
Parsing file /home/travis/build/uos3/obc-firmware/src/board/gnulinux/delay.c...
Reading /home/travis/build/uos3/obc-firmware/src/board/gnulinux/fram.c...
Parsing file /home/travis/build/uos3/obc-firmware/src/board/gnulinux/fram.c...
Reading /home/travis/build/uos3/obc-firmware/src/board/gnulinux/gpio.c...
Parsing file /home/travis/build/uos3/obc-firmware/src/board/gnulinux/gpio.c...
Reading /home/travis/build/uos3/obc-firmware/src/board/gnulinux/led.c...
Parsing file /home/travis/build/uos3/obc-firmware/src/board/gnulinux/led.c...
Reading /home/travis/build/uos3/obc-firmware/src/board/gnulinux/random.c...
Parsing file /home/travis/build/uos3/obc-firmware/src/board/gnulinux/random.c...
Reading /home/travis/build/uos3/obc-firmware/src/board/gnulinux/spi.c...
Parsing file /home/travis/build/uos3/obc-firmware/src/board/gnulinux/spi.c...
Reading /home/travis/build/uos3/obc-firmware/src/board/gnulinux/wdt.c...
Parsing file /home/travis/build/uos3/obc-firmware/src/board/gnulinux/wdt.c...
Reading /home/travis/build/uos3/obc-firmware/src/board/gpio.h...
Parsing file /home/travis/build/uos3/obc-firmware/src/board/gpio.h...
Reading /home/travis/build/uos3/obc-firmware/src/board/ldpc.h...
Parsing file /home/travis/build/uos3/obc-firmware/src/board/ldpc.h...
Reading /home/travis/build/uos3/obc-firmware/src/board/led.h...
Parsing file /home/travis/build/uos3/obc-firmware/src/board/led.h...
Reading /home/travis/build/uos3/obc-firmware/src/board/random.h...
Parsing file /home/travis/build/uos3/obc-firmware/src/board/random.h...
Reading /home/travis/build/uos3/obc-firmware/src/boa/home/travis/build/uos3/obc-firmware/src/board/spi.h:2: warning: missing title after \defgroup spi
/home/travis/build/uos3/obc-firmware/src/board/uart.h:2: warning: missing title after \defgroup uart
/home/travis/build/uos3/obc-firmware/src/board/wdt.h:2: warning: missing title after \defgroup wdt
/home/travis/build/uos3/obc-firmware/src/buffer/buffer.h:2: warning: missing title after \defgroup buffer
rd/spi.h...
Parsing file /home/travis/build/uos3/obc-firmware/src/board/spi.h...
Reading /home/travis/build/uos3/obc-firmware/src/board/susf-telecommand/board.h...
Parsing file /home/travis/build/uos3/obc-firmware/src/board/susf-telecommand/board.h...
Reading /home/travis/build/uos3/obc-firmware/src/board/susf-telecommand/led.c...
Parsing file /home/travis/build/uos3/obc-firmware/src/board/susf-telecommand/led.c...
Reading /home/travis/build/uos3/obc-firmware/src/board/uart.h...
Parsing file /home/travis/build/uos3/obc-firmware/src/board/uart.h...
Reading /home/travis/build/uos3/obc-firmware/src/board/uos3-proto/board.c...
Parsing file /home/travis/build/uos3/obc-firmware/src/board/uos3-proto/board.c...
Reading /home/travis/build/uos3/obc-firmware/src/board/uos3-proto/board.h...
Parsing file /home/travis/build/uos3/obc-firmware/src/board/uos3-proto/board.h...
Reading /home/travis/build/uos3/obc-firmware/src/board/uos3-proto/debug.c...
Parsing file /home/travis/build/uos3/obc-firmware/src/board/uos3-proto/debug.c...
Reading /home/travis/build/uos3/obc-firmware/src/board/uos3-proto/delay.c...
Parsing file /home/travis/build/uos3/obc-firmware/src/board/uos3-proto/delay.c...
Reading /home/travis/build/uos3/obc-firmware/src/board/uos3-proto/fram.c...
Parsing file /home/travis/build/uos3/obc-firmware/src/board/uos3-proto/fram.c...
Reading /home/travis/build/uos3/obc-firmware/src/board/uos3-proto/gpio.c...
Parsing file /home/travis/build/uos3/obc-firmware/src/board/uos3-proto/gpio.c...
Reading /home/travis/build/uos3/obc-firmware/src/board/uos3-proto/led.c...
Parsing file /home/travis/build/uos3/obc-firmware/src/board/uos3-proto/led.c...
Reading /home/travis/build/uos3/obc-firmware/src/board/uos3-proto/random.c...
Parsing file /home/travis/build/uos3/obc-firmware/src/board/uos3-proto/random.c...
Reading /home/travis/build/uos3/obc-firmware/src/board/uos3-proto/spi.c...
Parsing file /home/travis/build/uos3/obc-firmware/src/board/uos3-proto/spi.c...
Reading /home/travis/build/uos3/obc-firmware/src/board/uos3-proto/tm4c_startup_gcc.c...
Parsing file /home/travis/build/uos3/obc-firmware/src/board/uos3-proto/tm4c_startup_gcc.c...
Reading /home/travis/build/uos3/obc-firmware/src/board/uos3-proto/uart.c...
Parsing file /home/travis/build/uos3/obc-firmware/src/board/uos3-proto/uart.c...
Reading /home/travis/build/uos3/obc-firmware/src/board/uos3-proto/wdt.c...
Parsing file /home/travis/build/uos3/obc-firmware/src/board/uos3-proto/wdt.c...
Reading /home/travis/build/uos3/obc-firmware/src/board/wdt.h...
Parsing file /home/travis/build/uos3/obc-firmware/src/board/wdt.h...
Reading /home/travis/build/uos3/obc-firmware/src/buffer/buffer.c...
Parsing file /home/travis/build/uos3/obc-firmware/src/buffer/buffer.c...
Reading /home/travis/build/uos3/obc-firmware/src/buffer/buffer.h...
Parsing file /home/travis/build/uos3/obc-firmware/src/buffer/buffer.h...
Reading /home/travis/build/uos3/obc-firmware/src/buffer/buffer_fram.c...
Parsing file /home/travis/build/uos3/obc-firmware/src/buffer/buffer_fram.c...
Reading /home/travis/build/uos3/obc-firmware/src/buffer/test/buffer.c...
Parsing file /home/travis/build/uos3/obc-firmware/src/buffer/test/buffer.c...
Reading /home/travis/build/uos3/obc-firmware/src/buffer/test/buffer.h...
Parsing file /home/travis/build/uos3/obc-firmware/src/buffer/test/buffer.h...
Reading /home/travis/build/uos3/obc-firmware/src/cc1125/cc1125.c...
Parsing file /home/travis/build/uos3/obc-firmware/src/cc1125/cc1125.c...
Reading /home/travis/build/uos3/obc-firmware/src/cc1125/cc1125.h...
Parsing file /home/travis/build/uos3/obc-firmware/src/cc1125/cc1125.h...
Reading /home/travis/build/uos3/obc-firmware/src/cc1125/cc112x_spi.c...
Parsing file /home/travis/build/uos3/obc-firmware/src/cc1125/cc112x_spi.c...
Reading /home/travis/build/uos3/obc-firmware/src/cc1125/cc112x_spi.h...
Parsing file /home/travis/build/uos3/obc-firmware/src/cc1125/cc112x_spi.h...
Reading /home/travis/build/uos3/obc-firmware/src/firmware.dox...
Parsing file /home/travis/build/uos3/obc-firmware/src/firmware.dox...
Reading /home/travis/build/uos3/obc-firmware//home/travis/build/uos3/obc-firmware/src/packet/crc16.h:2: warning: missing title after \defgroup crc
/home/travis/build/uos3/obc-firmware/src/packet/packet.h:2: warning: missing title after \defgroup packet
/home/travis/build/uos3/obc-firmware/src/packet/sha3.h:2: warning: missing title after \defgroup sha3
/home/travis/build/uos3/obc-firmware/src/packet/telemetry.h:2: warning: missing title after \defgroup packet
src/firmware.h...
Parsing file /home/travis/build/uos3/obc-firmware/src/firmware.h...
Reading /home/travis/build/uos3/obc-firmware/src/main/blinky.c...
Parsing file /home/travis/build/uos3/obc-firmware/src/main/blinky.c...
Reading /home/travis/build/uos3/obc-firmware/src/main/camera-james-test.c...
Parsing file /home/travis/build/uos3/obc-firmware/src/main/camera-james-test.c...
Reading /home/travis/build/uos3/obc-firmware/src/main/camtest.c...
Parsing file /home/travis/build/uos3/obc-firmware/src/main/camtest.c...
Reading /home/travis/build/uos3/obc-firmware/src/main/cc1120_rx_sniff_mode_reg_config.h...
Parsing file /home/travis/build/uos3/obc-firmware/src/main/cc1120_rx_sniff_mode_reg_config.h...
Reading /home/travis/build/uos3/obc-firmware/src/main/cc112x_spi.h...
Parsing file /home/travis/build/uos3/obc-firmware/src/main/cc112x_spi.h...
Reading /home/travis/build/uos3/obc-firmware/src/main/gpstest.c...
Parsing file /home/travis/build/uos3/obc-firmware/src/main/gpstest.c...
Reading /home/travis/build/uos3/obc-firmware/src/main/i2cpythontest.c...
Parsing file /home/travis/build/uos3/obc-firmware/src/main/i2cpythontest.c...
Reading /home/travis/build/uos3/obc-firmware/src/main/i2ctest.c...
Parsing file /home/travis/build/uos3/obc-firmware/src/main/i2ctest.c...
Reading /home/travis/build/uos3/obc-firmware/src/main/serial-test.c...
Parsing file /home/travis/build/uos3/obc-firmware/src/main/serial-test.c...
Reading /home/travis/build/uos3/obc-firmware/src/main/tx-test.c...
Parsing file /home/travis/build/uos3/obc-firmware/src/main/tx-test.c...
Reading /home/travis/build/uos3/obc-firmware/src/main/txrx-uart.c...
Parsing file /home/travis/build/uos3/obc-firmware/src/main/txrx-uart.c...
Reading /home/travis/build/uos3/obc-firmware/src/main/txrx-uart.h...
Parsing file /home/travis/build/uos3/obc-firmware/src/main/txrx-uart.h...
Reading /home/travis/build/uos3/obc-firmware/src/main/uart_debug.c...
Parsing file /home/travis/build/uos3/obc-firmware/src/main/uart_debug.c...
Reading /home/travis/build/uos3/obc-firmware/src/main/uart_echo.c...
Parsing file /home/travis/build/uos3/obc-firmware/src/main/uart_echo.c...
Reading /home/travis/build/uos3/obc-firmware/src/main/uart_passthrough.c...
Parsing file /home/travis/build/uos3/obc-firmware/src/main/uart_passthrough.c...
Reading /home/travis/build/uos3/obc-firmware/src/packet/crc16.c...
Parsing file /home/travis/build/uos3/obc-firmware/src/packet/crc16.c...
Reading /home/travis/build/uos3/obc-firmware/src/packet/crc16.h...
Parsing file /home/travis/build/uos3/obc-firmware/src/packet/crc16.h...
Reading /home/travis/build/uos3/obc-firmware/src/packet/interleave.c...
Parsing file /home/travis/build/uos3/obc-firmware/src/packet/interleave.c...
Reading /home/travis/build/uos3/obc-firmware/src/packet/interleave.h...
Parsing file /home/travis/build/uos3/obc-firmware/src/packet/interleave.h...
Reading /home/travis/build/uos3/obc-firmware/src/packet/packet.c...
Parsing file /home/travis/build/uos3/obc-firmware/src/packet/packet.c...
Reading /home/travis/build/uos3/obc-firmware/src/packet/packet.dox...
Parsing file /home/travis/build/uos3/obc-firmware/src/packet/packet.dox...
Reading /home/travis/build/uos3/obc-firmware/src/packet/packet.h...
Parsing file /home/travis/build/uos3/obc-firmware/src/packet/packet.h...
Reading /home/travis/build/uos3/obc-firmware/src/packet/pn9.c...
Parsing file /home/travis/build/uos3/obc-firmware/src/packet/pn9.c...
Reading /home/travis/build/uos3/obc-firmware/src/packet/pn9.h...
Parsing file /home/travis/build/uos3/obc-firmware/src/packet/pn9.h...
Reading /home/travis/build/uos3/obc-firmware/src/packet/sha3.c...
Parsing file /home/travis/build/uos3/obc-firmware/src/packet/sha3.c...
Reading /home/travis/build/uos3/obc-firmware/src/packet/sha3.h...
Parsing file /home/travis/build/uos3/obc-firmware/src/packet/sha3.h...
Reading /home/travis/build/uos3/obc-firmware/src/packet/telemetry.h...
Parsing file /home/travis/build/uos3/obc-firmware/src/packet/telemetry.h...
Reading /home/travis/build/uos3/obc-firmware/src/packet/test/interleave.c...
Parsing file /home/travis//home/travis/build/uos3/obc-firmware/src/packet/packet.dox:2: warning: group packet: ignoring title "Packet Functions" that does not match old title "Packet Modules"

/home/travis/build/uos3/obc-firmware/src/board/fram.h:2: warning: Trying to add group fram to itself!
/home/travis/build/uos3/obc-firmware/src/buffer/buffer.h:2: warning: Trying to add group buffer to itself!
/home/travis/build/uos3/obc-firmware/src/packet/packet.h:2: warning: Trying to add group packet to itself!
/home/travis/build/uos3/obc-firmware/src/packet/telemetry.h:2: warning: Trying to add group packet to itself!
/home/travis/build/uos3/obc-firmware/src/board/gnulinux/fram.c:5: warning: the name `fram.c' supplied as the second argument in the \file statement matches the following input files:
   /home/travis/build/uos3/obc-firmware/src/board/gnulinux/fram.c
   /home/travis/build/uos3/obc-firmware/src/board/uos3-proto/fram.c
Please use a more specific name by including a (larger) part of the path!
/home/travis/build/uos3/obc-firmware/src/board/uos3-proto/fram.c:5: warning: the name `fram.c' supplied as the second argument in the \file statement matches the following input files:
   /home/travis/build/uos3/obc-firmware/src/board/gnulinux/fram.c
   /home/travis/build/uos3/obc-firmware/src/board/uos3-proto/fram.c
Please use a more specific name by including a (larger) part of the path!
/home/travis/build/uos3/obc-firmware/src/buffer/buffer.c:4: warning: the name `buffer.c' supplied as the second argument in the \file statement matches the following input files:
   /home/travis/build/uos3/obc-firmware/src/buffer/buffer.c
   /home/travis/build/uos3/obc-firmware/src/buffer/test/buffer.c
Please use a more specific name by including a (larger) part of the path!
/home/travis/build/uos3/obc-firmware/src/packet/packet.c:4: warning: the name `packet.c' supplied as the second argument in the \file statement matches the following input files:
   /home/travis/build/uos3/obc-firmware/src/packet/packet.c
   /home/travis/build/uos3/obc-firmware/src/packet/test/packet.c
Please use a more specific name by including a (larger) part of the path!
/home/travis/build/uos3/obc-firmware/src/packet/pn9.c:4: warning: the name `pn9.c' supplied as the second argument in the \file statement matches the following input files:
   /home/travis/build/uos3/obc-firmware/src/packet/pn9.c
   /home/travis/build/uos3/obc-firmware/src/packet/test/pn9.c
Please use a more specific name by including a (larger) part of the path!
/home/travis/build/uos3/obc-firmware/src/suz/uartbase.c:15: warning: found documented #define but ignoring it because ENABLE_PREPROCESSING is NO.

/home/travis/build/uos3/obc-firmware/src/packet/packet.h:33: warning: Compound packet_telemetry_1024_hash is not documented.
/home/travis/build/uos3/obc-firmware/src/packet/packet.h:25: warning: Compound packet_telemetry_1024 is not documented.
/home/travis/build/uos3/obc-firmware/src/cc1125/cc1125.h:7: warning: Compound registerSetting_t is not documented.
/home/travis/build/uos3/obc-firmware/src/board/uos3-proto/wdt.c:18: warning: Compound WDT is not documented.
/home/travis/build/uos3/obc-firmware/src/board/uos3-proto/spi.c:62: warning: Compound SPI is not documented.
/home/travis/build/uos3/obc-firmware/src/board/uos3-proto/led.c:17: warning: Compound LED is not documented.
/home/travis/build/uos3/obc-firmware/src/board/susf-telecommand/led.c:5: warning: Compound LED is not documented.
/home/travis/build/uos3/obc-firmware/src/board/uos3-proto/spi.c:28: warning: Compound SPI_port is not documented.
/home/travis/build/uos3/obc-firmware/src/packet/packet.h:55: warning: Compound packet_telecommand_512_hash is not documented.
/home/travis/build/uos3/obc-firmware/src/packet/packet.h:39: warning: Compound packet_telemetry_1024_crc is not documented.
/home/travis/build/uos3/obc-firmware/src/board/uos3-proto/gpio.c:20: warning: Compound GPIO is not documented.
/home/travis/build/uos3/obc-firmware/src/packet/packet.h:61: warning: Compound packet_telecommand_512_crc is not documented.
/home/travis/build/uos3/obc-firmware/src/packet/sha3.h:22: warning: Compound sha3_ctx_t is not documented.
/home/travis/build/uos3/obc-firmware/src/packet/packet.h:47: warning: Compound packet_telecommand_512 is not documented.
/home/travis/build/uos3/obc-firmware/src/packet/telemetry.h:34: warning: Compound packet_telemetry_realtime is not documented.
/home/travis/build/uos3/obc-firmware/src/buffer/buffer.c:20: warning: Compound buffer_cache_t is not documented.
/home/travis/build/uos3/obc-firmware/src/main/gpstest.c:30: warning: Compound UART is not documented.
/home/travis/build/uos3/obc-firmware/src/board/uos3-proto/uart.c:23: warning: Compound UART is not documented.
build/uos3/obc-firmware/src/packet/test/interleave.c...
Reading /home/travis/build/uos3/obc-firmware/src/packet/test/ldpc.c...
Parsing file /home/travis/build/uos3/obc-firmware/src/packet/test/ldpc.c...
Reading /home/travis/build/uos3/obc-firmware/src/packet/test/packet.c...
Parsing file /home/travis/build/uos3/obc-firmware/src/packet/test/packet.c...
Reading /home/travis/build/uos3/obc-firmware/src/packet/test/packet.h...
Parsing file /home/travis/build/uos3/obc-firmware/src/packet/test/packet.h...
Reading /home/travis/build/uos3/obc-firmware/src/packet/test/pn9.c...
Parsing file /home/travis/build/uos3/obc-firmware/src/packet/test/pn9.c...
Reading /home/travis/build/uos3/obc-firmware/src/packet/test/shake.c...
Parsing file /home/travis/build/uos3/obc-firmware/src/packet/test/shake.c...
Reading /home/travis/build/uos3/obc-firmware/src/suz/i2cbase.c...
Parsing file /home/travis/build/uos3/obc-firmware/src/suz/i2cbase.c...
Reading /home/travis/build/uos3/obc-firmware/src/suz/i2cbase.h...
Parsing file /home/travis/build/uos3/obc-firmware/src/suz/i2cbase.h...
Reading /home/travis/build/uos3/obc-firmware/src/suz/uartbase.c...
Parsing file /home/travis/build/uos3/obc-firmware/src/suz/uartbase.c...
Reading /home/travis/build/uos3/obc-firmware/src/suz/uartbase.h...
Parsing file /home/travis/build/uos3/obc-firmware/src/suz/uartbase.h...
Reading /home/travis/build/uos3/obc-firmware/src/test.c...
Parsing file /home/travis/build/uos3/obc-firmware/src/test.c...
Reading /home/travis/build/uos3/obc-firmware/src/test.h...
Parsing file /home/travis/build/uos3/obc-firmware/src/test.h...
Building group list...
Building directory list...
Building namespace list...
Building file list...
Building class list...
Associating documentation with classes...
Computing nesting relations for classes...
Building example list...
Searching for enumerations...
Searching for documented typedefs...
Searching for members imported via using declarations...
Searching for included using directives...
Searching for documented variables...
Building interface member list...
Building member list...
Searching for friends...
Searching for documented defines...
Computing class inheritance relations...
Computing class usage relations...
Flushing cached template relations that have become invalid...
Creating members for template instances...
Computing class relations...
Add enum values to enums...
Searching for member function documentation...
Building page list...
Search for main page...
Computing page relations...
Determining the scope of groups...
Sorting lists...
Freeing entry tree
Determining which enums are documented
Computing member relations...
Building full member lists recursively...
Adding members to member groups.
Computing member references...
Inheriting documentation...
Generating disk names...
Adding source references...
Adding xrefitems...
Sorting member lists...
Computing dependencies between directories...
Generating citations page...
Counting data structures...
Resolving user defined references...
Finding anchors and sections in the documentation...
Transferring function references...
Combining using relations...
Adding members to index pages...
Generating style sheet...
Generating search indices...
Generating example documentation...
Generating file sources...
Generating code for file /home/travis/build/uos3/obc-firmware/src/board/board.h...
Generating code for file /home/travis/build/uos3/obc-firmware/src/board/gnulinux/board.h...
Generating code for file /home/travis/build/uos3/obc-firmware/src/board/susf-telecommand/board.h...
Generating code for file /home/travis/build/uos3/obc-firmware/src/board/uos3-proto/board.h...
Generating code for file /home/travis/build/uos3/obc-firmware/src/board/debug.h...
Generating code for file /home/travis/build/uos3/obc-firmware/src/board/delay.h...
Generating code for file /home/travis/build/uos3/obc-firmware/src/board/fram.h...
Generating code for file /home/travis/build/uos3/obc-firmware/src/board/gnulinux/board.c...
Generating code for file /home/travis/build/uos3/obc-firmware/src/board/uos3-proto/board.c...
Generating code for file /home/travis/build/uos3/obc-firmware/src/board/gnulinux/debug.c...
Generating code for file /home/travis/build/uos3/obc-firmware/src/board/uos3-proto/debug.c...
Generating code for file /home/travis/build/uos3/obc-firmware/src/board/gnulinux/delay.c...
Generating code for file /home/travis/build/uos3/obc-firmware/src/board/uos3-proto/delay.c...
Generating code for file /home/travis/build/uos3/obc-firmware/src/board/gnulinux/fram.c...
Generating code for file /home/travis/build/uos3/obc-firmware/src/board/uos3-proto/fram.c...
Generating code for file /home/travis/build/uos3/obc-firmware/src/board/gnulinux/gpio.c...
Generating code for file /home/travis/build/uos3/obc-firmware/src/board/uos3-proto/gpio.c...
Generating code for file /home/travis/build/uos3/obc-firmware/src/board/gnulinux/led.c...
Generating code for file /home/travis/build/uos3/obc-firmware/src/board/susf-telecommand/led.c...
Generating code for file /home/travis/build/uos3/obc-firmware/src/board/uos3-proto/led.c...
Generating code for file /home/travis/build/uos3/obc-firmware/src/board/gnulinux/random.c...
Generating code for file /home/travis/build/uos3/obc-firmware/src/board/uos3-proto/random.c...
Generating code for file /home/travis/build/uos3/obc-firmware/src/board/gnulinux/spi.c...
Generating code for file /home/travis/build/uos3/obc-firmware/src/board/uos3-proto/spi.c...
Generating code for file /home/travis/build/uos3/obc-firmware/src/board/gnulinux/wdt.c...
Generating code for file /home/travis/build/uos3/obc-firmware/src/board/uos3-proto/wdt.c...
Generating code for file /home/travis/build/uos3/obc-firmware/src/board/gpio.h...
Generating code for file /home/travis/build/uos3/obc-firmware/src/board/ldpc.h...
Generating code for file /home/travis/build/uos3/obc-firmware/src/board/led.h...
Generating code for file /home/travis/build/uos3/obc-firmware/src/board/random.h...
Generating code for file /home/travis/build/uos3/obc-firmware/src/board/spi.h...
Generating code for file /home/travis/build/uos3/obc-firmware/src/board/uart.h...
Generating code for file /home/travis/build/uos3/obc-firmware/src/board/uos3-proto/tm4c_startup_gcc.c...
Generating code for file /home/travis/build/uos3/obc-firmware/src/board/uos3-proto/uart.c...
Generating code for file /home/travis/build/uos3/obc-firmware/src/board/wdt.h...
Generating code for file /home/travis/build/uos3/obc-firmware/src/buffer/buffer.c...
Generating code for file /home/travis/build/uos3/obc-firmware/src/buffer/test/buffer.c...
Generating code for file /home/travis/build/uos3/obc-firmware/src/buffer/buffer.h...
Generating code for file /home/travis/build/uos3/obc-firmware/src/buffer/test/buffer.h...
Generating code for file /home/travis/build/uos3/obc-firmware/src/buffer/buffer_fram.c...
Generating code for file /home/travis/build/uos3/obc-firmware/src/cc1125/cc1125.c...
Generating code for file /home/travis/build/uos3/obc-firmware/src/cc1125/cc1125.h...
Generating code for file /home/travis/build/uos3/obc-firmware/src/cc1125/cc112x_spi.c...
Generating code for file /home/travis/build/uos3/obc-firmware/src/cc1125/cc112x_spi.h...
Generating code for file /home/travis/build/uos3/obc-firmware/src/main/cc112x_spi.h...
Generating code for file /home/travis/build/uos3/obc-firmware/src/firmware.h...
Generating code for file /home/travis/build/uos3/obc-firmware/src/main/blinky.c...
Generating code for file /home/travis/build/uos3/obc-firmware/src/main/camera-james-test.c...
Generating code for file /home/travis/build/uos3/obc-firmware/src/main/camtest.c...
Generating code for file /home/travis/build/uos3/obc-firmware/src/main/cc1120_rx_sniff_mode_reg_config.h...
Generating code for file /home/travis/build/uos3/obc-firmware/src/main/gpstest.c...
Generating code for file /home/travis/build/uos3/obc-firmware/src/main/i2cpythontest.c...
Generating code for file /home/travis/build/uos3/obc-firmware/src/main/i2ctest.c...
Generating code for file /home/travis/build/uos3/obc-firmware/src/main/serial-test.c...
Generating code for file /home/travis/build/uos3/obc-firmware/src/main/tx-test.c.../home/travis/build/uos3/obc-firmware/src/board/uos3-proto/debug.c:6: warning: Unsupported xml/html tag <NOT> found
/home/travis/build/uos3/obc-firmware/src/board/uos3-proto/debug.c:6: warning: Unsupported xml/html tag <NOT> found

Generating code for file /home/travis/build/uos3/obc-firmware/src/main/txrx-uart.c...
Generating code for file /home/travis/build/uos3/obc-firmware/src/main/txrx-uart.h...
Generating code for file /home/travis/build/uos3/obc-firmware/src/main/uart_debug.c...
Generating code for file /home/travis/build/uos3/obc-firmware/src/main/uart_echo.c...
Generating code for file /home/travis/build/uos3/obc-firmware/src/main/uart_passthrough.c...
Generating code for file /home/travis/build/uos3/obc-firmware/src/packet/crc16.c...
Generating code for file /home/travis/build/uos3/obc-firmware/src/packet/crc16.h...
Generating code for file /home/travis/build/uos3/obc-firmware/src/packet/interleave.c...
Generating code for file /home/travis/build/uos3/obc-firmware/src/packet/test/interleave.c...
Generating code for file /home/travis/build/uos3/obc-firmware/src/packet/interleave.h...
Generating code for file /home/travis/build/uos3/obc-firmware/src/packet/packet.c...
Generating code for file /home/travis/build/uos3/obc-firmware/src/packet/test/packet.c...
Generating code for file /home/travis/build/uos3/obc-firmware/src/packet/packet.h...
Generating code for file /home/travis/build/uos3/obc-firmware/src/packet/test/packet.h...
Generating code for file /home/travis/build/uos3/obc-firmware/src/packet/pn9.c...
Generating code for file /home/travis/build/uos3/obc-firmware/src/packet/test/pn9.c...
Generating code for file /home/travis/build/uos3/obc-firmware/src/packet/pn9.h...
Generating code for file /home/travis/build/uos3/obc-firmware/src/packet/sha3.c...
Generating code for file /home/travis/build/uos3/obc-firmware/src/packet/sha3.h...
Generating code for file /home/travis/build/uos3/obc-firmware/src/packet/telemetry.h...
Generating code for file /home/travis/build/uos3/obc-firmware/src/packet/test/ldpc.c...
Generating code for file /home/travis/build/uos3/obc-firmware/src/packet/test/shake.c...
Generating code for file /home/travis/build/uos3/obc-firmware/src/suz/i2cbase.c...
Generating code for file /home/travis/build/uos3/obc-firmware/src/suz/i2cbase.h...
Generating code for file /home/travis/build/uos3/obc-firmware/src/suz/uartbase.c...
Generating code for file /home/travis/build/uos3/obc-firmware/src/suz/uartbase.h...
Generating code for file /home/travis/build/uos3/obc-firmware/src/test.c...
Generating code for file /home/travis/build/uos3/obc-firmware/src/test.h...
Generating file documentation...
Generating docs for file /home/travis/build/uos3/obc-firmware/src/board/gnulinux/board.c...
Generating docs for file /home/travis/build/uos3/obc-firmware/src/board/uos3-proto/board.c...
Generating docs for file /home/travis/build/uos3/obc-firmware/src/board/gnulinux/debug.c...
Generating docs for file /home/travis/build/uos3/obc-firmware/src/board/uos3-proto/debug.c...
Generating docs for file /home/travis/build/uos3/obc-firmware/src/board/gnulinux/delay.c...
Generating docs for file /home/travis/build/uos3/obc-firmware/src/board/uos3-proto/delay.c...
Generating docs for file /home/travis/build/uos3/obc-firmware/src/board/gnulinux/gpio.c...
Generating docs for file /home/travis/build/uos3/obc-firmware/src/board/uos3-proto/gpio.c...
Generating docs for file /home/travis/build/uos3/obc-firmware/src/board/gnulinux/led.c...
Generating docs for file /home/travis/build/uos3/obc-firmware/src/board/uos3-proto/led.c...
Generating docs for file /home/travis/build/uos3/obc-firmware/src/board/gnulinux/random.c...
Generating docs for file /home/travis/build/uos3/obc-firmware/src/board/uos3-proto/random.c...
Generating docs for file /home/travis/build/uos3/obc-firmware/src/board/gnulinux/spi.c...
Generating docs for file /home/travis/build/uos3/obc-firmware/src/board/uos3-proto/spi.c...
Generating docs for file /home/travis/build/uos3/obc-firmware/src/board/gnulinux/wdt.c...
Generating docs for file /home/travis/build/uos3/obc-firmware/src/board/uos3-proto/wdt.c...
Generating docs for file /home/travis/build/uos3/obc-firmware/src/board/uos3-proto/uart.c...
Generating docs for file /home/travis/build/uos3/obc-firmware/src/buffer/buffer_fram.c...
Generat/home/travis/build/uos3/obc-firmware/src/main/cc1120_rx_sniff_mode_reg_config.h:72: warning: Member preferredSettings[] (variable) of file cc1120_rx_sniff_mode_reg_config.h is not documented.
/home/travis/build/uos3/obc-firmware/src/main/cc1120_rx_sniff_mode_reg_config.h:116: warning: Member preferredSettings_cw[] (variable) of file cc1120_rx_sniff_mode_reg_config.h is not documented.
/home/travis/build/uos3/obc-firmware/src/board/board.h:15: warning: Found unknown command `\function'
/home/travis/build/uos3/obc-firmware/src/board/debug.h:4: warning: Unsupported xml/html tag <NOT> found
/home/travis/build/uos3/obc-firmware/src/board/debug.h:17: warning: Found unknown command `\function'
/home/travis/build/uos3/obc-firmware/src/board/gnulinux/delay.c:17: warning: Found unknown command `\function'
/home/travis/build/uos3/obc-firmware/src/board/delay.h:25: warning: Found unknown command `\function'
/home/travis/build/uos3/obc-firmware/src/board/fram.h:26: warning: Found unknown command `\function'
/home/travis/build/uos3/obc-firmware/src/board/fram.h:35: warning: Found unknown command `\function'
/home/travis/build/uos3/obc-firmware/src/board/gpio.h:22: warning: Found unknown command `\function'
/home/travis/build/uos3/obc-firmware/src/board/gpio.h:32: warning: Found unknown command `\function'
/home/travis/build/uos3/obc-firmware/src/board/gpio.h:42: warning: Found unknown command `\function'
/home/travis/build/uos3/obc-firmware/src/board/gpio.h:53: warning: Found unknown command `\function'
/home/travis/build/uos3/obc-firmware/src/board/gnulinux/led.c:13: warning: Found unknown command `\function'
/home/travis/build/uos3/obc-firmware/src/board/gnulinux/led.c:13: warning: argument 'led_number' of command @param is not found in the argument list of LED_on(uint8_t led_num)
/home/travis/build/uos3/obc-firmware/src/board/gnulinux/led.c:13: warning: The following parameters of LED_on(uint8_t led_num) are not documented:
  parameter 'led_num'
/home/travis/build/uos3/obc-firmware/src/board/led.h:30: warning: Found unknown command `\function'
/home/travis/build/uos3/obc-firmware/src/board/led.h:40: warning: Found unknown command `\function'
/home/travis/build/uos3/obc-firmware/src/board/random.h:16: warning: Found unknown command `\function'
/home/travis/build/uos3/obc-firmware/src/board/gnulinux/spi.c:13: warning: Found unknown command `\function'
/home/travis/build/uos3/obc-firmware/src/board/spi.h:31: warning: Found unknown command `\function'
/home/travis/build/uos3/obc-firmware/src/board/spi.h:43: warning: Found unknown command `\function'
/home/travis/build/uos3/obc-firmware/src/board/spi.h:56: warning: Found unknown command `\function'
/home/travis/build/uos3/obc-firmware/src/board/spi.h:69: warning: Found unknown command `\function'
/home/travis/build/uos3/obc-firmware/src/board/spi.h:83: warning: Found unknown command `\function'
/home/travis/build/uos3/obc-firmware/src/board/spi.h:97: warning: Found unknown command `\function'
/home/travis/build/uos3/obc-firmware/src/board/spi.h:110: warning: Found unknown command `\function'
/home/travis/build/uos3/obc-firmware/src/board/spi.h:123: warning: Found unknown command `\function'
/home/travis/build/uos3/obc-firmware/src/board/spi.h:137: warning: Found unknown command `\function'
/home/travis/build/uos3/obc-firmware/src/board/spi.h:151: warning: Found unknown command `\function'
/home/travis/build/uos3/obc-firmware/src/board/spi.h:164: warning: Found unknown command `\function'
/home/travis/build/uos3/obc-firmware/src/board/spi.h:177: warning: Found unknown command `\function'
/home/travis/build/uos3/obc-firmware/src/board/spi.h:191: warning: Found unknown command `\function'
/home/travis/build/uos3/obc-firmware/src/board/uos3-proto/uart.c:65: warning: Found unknown command `\function'
/home/travis/build/uos3/obc-firmware/src/board/uart.h:31: warning: Found unknown command `\function'
/home/travis/build/uos3/obc-firmware/src/board/uart.h:43: warning: Found unknown command `\function'
/home/travis/build/uos3/obc-firmware/src/board/uart.h:55: warning: Found unknown command `\function'
/home/travis/build/uos3/obc-firmware/src/board/uart.h:67: warning: Found unknown command `\function'
/home/travis/build/uos3/obc-firmware/src/board/uart.h:81: warning: Found unknown command `\function'
/home/travis/build/uos3/obc-firmware/src/board/uart.h:94: warning: Found unknown command `\function'
/home/travis/build/uos3/obc-firmware/src/board/uart.h:107: warning: Found unknown command `\function'
/home/travis/build/uos3/obc-firmware/src/board/uart.h:120: warning: Found unknown command `\function'
/home/travis/build/uos3/obc-firmware/src/board/uart.h:134: warning: Found unknown command `\function'
/home/travis/build/uos3/obc-firmware/src/board/uart.h:145: warning: Found unknown command `\function'
/home/travis/build/uos3/obc-firmware/src/board/gnulinux/wdt.c:17: warning: Found unknown command `\function'
/home/travis/build/uos3/obc-firmware/src/packet/packet.h:71: warning: Found unknown command `\function'
/home/travis/build/uos3/obc-firmware/src/test.h:36: warning: Found unknown command `\function'
/home/travis/build/uos3/obc-firmware/src/test.h:47: warning: Found unknown command `\function'
/home/travis/build/uos3/obc-firmware/src/test.h:58: warning: Found unknown command `\function'
/home/travis/build/uos3/obc-firmware/src/packet/crc16.h:17: warning: Found unknown command `\function'
/home/travis/build/uos3/obc-firmware/src/buffer/buffer.c:21: warning: Member initialised (variable) of class buffer_cache_t is not documented.
/home/travis/build/uos3/obc-firmware/src/buffer/buffer.c:22: warning: Member last_index_stored (variable) of class buffer_cache_t is not documented.
/home/travis/build/uos3/obc-firmware/src/buffer/buffer.c:23: warning: Member last_slot_transmitted (variable) of class buffer_cache_t is not documented.
/home/travis/build/uos3/obc-firmware/src/buffer/buffer.c:24: warning: Member occupancy[ROUND_UP(BUFFER_SLOTS/8, 1)] (variable) of class buffer_cache_t is not documented.
/home/travis/build/uos3/obc-firmware/src/buffer/buffer.c:25: warning: Member indexes[BUFFER_SLOTS] (variable) of class buffer_cache_t is not documented.
/home/travis/build/uos3/obc-firmware/src/board/uos3-proto/gpio.c:21: warning: Member peripheral (variable) of class GPIO is not documented.
/home/travis/build/uos3/obc-firmware/src/board/uos3-proto/gpio.c:22: warning: Member port (variable) of class GPIO is not documented.
/home/travis/build/uos3/obc-firmware/src/board/uos3-proto/gpio.c:23: warning: Member pin (variable) of class GPIO is not documented.
/home/travis/build/uos3/obc-firmware/src/board/uos3-proto/gpio.c:24: warning: Member initialised (variable) of class GPIO is not documented.
/home/travis/build/uos3/obc-firmware/src/board/uos3-proto/gpio.c:25: warning: Member mode (variable) of class GPIO is not documented.
/home/travis/build/uos3/obc-firmware/src/board/susf-telecommand/led.c:6: warning: Member peripheral_register (variable) of class LED is not documented.
/home/travis/build/uos3/obc-firmware/src/board/susf-telecommand/led.c:7: warning: Member peripheral (variable) of class LED is not documented.
/home/travis/build/uos3/obc-firmware/src/board/susf-telecommand/led.c:8: warning: Member port (variable) of class LED is not documented.
/home/travis/build/uos3/obc-firmware/src/board/susf-telecommand/led.c:9: warning: Member pin (variable) of class LED is not documented.
/home/travis/build/uos3/obc-firmware/src/board/susf-telecommand/led.c:10: warning: Member initialised (variable) of class LED is not documented.
/home/travis/build/uos3/obc-firmware/src/board/susf-telecommand/led.c:13: warning: Member state (variable) of class LED is not documented.
/home/travis/build/uos3/obc-firmware/src/board/uos3-proto/led.c:18: warning: Member gpio (variable) of class LED is not documented.
/home/travis/build/uos3/obc-firmware/src/board/uos3-proto/led.c:19: warning: Member state (variable) of class LED is not documented.
/home/travis/build/uos3/obc-firmware/src/packet/packet.h:48: warning: Member spacecraft (variable) of class packet_telecommand_512 is not documented.
/home/travis/build/uos3/obc-firmware/src/packet/packet.h:49: warning: Member type (variable) of class packet_telecommand_512 is not documented.
/home/travis/build/uos3/obc-firmware/src/packet/packet.h:50: warning: Member data[42] (variable) of class packet_telecommand_512 is not documented.
/home/travis/build/uos3/obc-firmware/src/packet/packet.h:51: warning: Member hash[16] (variable) of class packet_telecommand_512 is not documented.
/home/travis/build/uos3/obc-firmware/src/packet/packet.h:52: warning: Member crc (variable) of class packet_telecommand_512 is not documented.
/home/travis/build/uos3/obc-firmware/src/packet/packet.h:62: warning: Member data[126] (variable) of class packet_telecommand_512_crc is not documented.
/home/travis/build/uos3/obc-firmware/src/packet/packet.h:63: warning: Member crc (variable) of class packet_telecommand_512_crc is not documented.
/home/travis/build/uos3/obc-firmware/src/packet/packet.h:56: warning: Member data[110] (variable) of class packet_telecommand_512_hash is not documented.
/home/travis/build/uos3/obc-firmware/src/packet/packet.h:57: warning: Member hash[16] (variable) of class packet_telecommand_512_hash is not documented.
/home/travis/build/uos3/obc-firmware/src/packet/packet.h:58: warning: Member _crc (variable) of class packet_telecommand_512_hash is not documented.
/home/travis/build/uos3/obc-firmware/src/packet/packet.h:26: warning: Member spacecraft (variable) of class packet_telemetry_1024 is not documented.
/home/travis/build/uos3/obc-firmware/src/packet/packet.h:27: warning: Member type (variable) of class packet_telemetry_1024 is not documented.
/home/travis/build/uos3/obc-firmware/src/packet/packet.h:28: warning: Member data[106] (variable) of class packet_telemetry_1024 is not documented.
/home/travis/build/uos3/obc-firmware/src/packet/packet.h:29: warning: Member hash[16] (variable) of class packet_telemetry_1024 is not documented.
/home/travis/build/uos3/obc-firmware/src/packet/packet.h:30: warning: Member crc (variable) of class packet_telemetry_1024 is not documented.
/home/travis/build/uos3/obc-firmware/src/packet/packet.h:40: warning: Member data[126] (variable) of class packet_telemetry_1024_crc is not documented.
/home/travis/build/uos3/obc-firmware/src/packet/packet.h:41: warning: Member crc (variable) of class packet_telemetry_1024_crc is not documented.
/home/travis/build/uos3/obc-firmware/src/packet/packet.h:34: warning: Member data[110] (variable) of class packet_telemetry_1024_hash is not documented.
/home/travis/build/uos3/obc-firmware/src/packet/packet.h:35: warning: Member hash[16] (variable) of class packet_telemetry_1024_hash is not documented.
/home/travis/build/uos3/obc-firmware/src/packet/packet.h:36: warning: Member _crc (variable) of class packet_telemetry_1024_hash is not documented.
/home/travis/build/uos3/obc-firmware/src/packet/telemetry.h:35: warning: Member time (variable) of class packet_telemetry_realtime is not documented.
/home/travis/build/uos3/obc-firmware/src/packet/telemetry.h:36: warning: Member sequence (variable) of class packet_telemetry_realtime is not documented.
/home/travis/build/uos3/obc-firmware/src/packet/telemetry.h:37: warning: Member battery_voltage (variable) of class packet_telemetry_realtime is not documented.
/home/travis/build/uos3/obc-firmware/src/packet/telemetry.h:38: warning: Member battery_current (variable) of class packet_telemetry_realtime is not documented.
/home/travis/build/uos3/obc-firmware/src/packet/telemetry.h:39: warning: Member battery_temperature (variable) of class packet_telemetry_realtime is not documented.
/home/travis/build/uos3/obc-firmware/src/packet/telemetry.h:40: warning: Member obc_temperature (variable) of class packet_telemetry_realtime is not documented.
/home/travis/build/uos3/obc-firmware/src/packet/telemetry.h:41: warning: Member rx_temperature (variable) of class packet_telemetry_realtime is not documented.
/home/travis/build/uos3/obc-firmware/src/packet/telemetry.h:42: warning: Member tx_temperature (variable) of class packet_telemetry_realtime is not documented.
/home/travis/build/uos3/obc-firmware/src/packet/telemetry.h:43: warning: Member pa_temperature (variable) of class packet_telemetry_realtime is not documented.
/home/travis/build/uos3/obc-firmware/src/cc1125/cc1125.h:8: warning: Member addr (variable) of class registerSetting_t is not documented.
/home/travis/build/uos3/obc-firmware/src/cc1125/cc1125.h:9: warning: Member data (variable) of class registerSetting_t is not documented.
/home/travis/build/uos3/obc-firmware/src/packet/sha3.h:26: warning: Member st (variable) of class sha3_ctx_t is not documented.
/home/travis/build/uos3/obc-firmware/src/packet/sha3.h:27: warning: Member pt (variable) of class sha3_ctx_t is not documented.
/home/travis/build/uos3/obc-firmware/src/packet/sha3.h:27: warning: Member rsiz (variable) of class sha3_ctx_t is not documented.
/home/travis/build/uos3/obc-firmware/src/packet/sha3.h:27: warning: Member mdlen (variable) of class sha3_ctx_t is not documented.
/home/travis/build/uos3/obc-firmware/src/board/uos3-proto/spi.c:63: warning: Member port (variable) of class SPI is not documented.
/home/travis/build/uos3/obc-firmware/src/board/uos3-proto/spi.c:64: warning: Member gpio_cs (variable) of class SPI is not documented.
/home/travis/build/uos3/obc-firmware/src/board/uos3-proto/spi.c:65: warning: Member wait_miso (variable) of class SPI is not documented.
/home/travis/build/uos3/obc-firmware/src/board/uos3-proto/spi.c:66: warning: Member initialised (variable) of class SPI is not documented.
/home/travis/build/uos3/obc-firmware/src/board/uos3-proto/spi.c:29: warning: Member peripheral_gpio (variable) of class SPI_port is not documented.
/home/travis/build/uos3/obc-firmware/src/board/uos3-proto/spi.c:30: warning: Member peripheral_spi (variable) of class SPI_port is not documented.
/home/travis/build/uos3/obc-firmware/src/board/uos3-proto/spi.c:31: warning: Member base_gpio (variable) of class SPI_port is not documented.
/home/travis/build/uos3/obc-firmware/src/board/uos3-proto/spi.c:32: warning: Member base_spi (variable) of class SPI_port is not documented.
/home/travis/build/uos3/obc-firmware/src/board/uos3-proto/spi.c:33: warning: Member pin_clk_function (variable) of class SPI_port is not documented.
/home/travis/build/uos3/obc-firmware/src/board/uos3-proto/spi.c:34: warning: Member pin_miso_function (variable) of class SPI_port is not documented.
/home/travis/build/uos3/obc-firmware/src/board/uos3-proto/spi.c:35: warning: Member pin_mosi_function (variable) of class SPI_port is not documented.
/home/travis/build/uos3/obc-firmware/src/board/uos3-proto/spi.c:36: warning: Member pin_clk (variable) of class SPI_port is not documented.
/home/travis/build/uos3/obc-firmware/src/board/uos3-proto/spi.c:37: warning: Member pin_miso (variable) of class SPI_port is not documented.
/home/travis/build/uos3/obc-firmware/src/board/uos3-proto/spi.c:38: warning: Member pin_mosi (variable) of class SPI_port is not documented.
/home/travis/build/uos3/obc-firmware/src/board/uos3-proto/spi.c:39: warning: Member clockrate (variable) of class SPI_port is not documented.
/home/travis/build/uos3/obc-firmware/src/board/uos3-proto/spi.c:40: warning: Member initialised (variable) of class SPI_port is not documented.
/home/travis/build/uos3/obc-firmware/src/board/uos3-proto/uart.c:24: warning: Member peripheral_gpio (variable) of class UART is not documented.
/home/travis/build/uos3/obc-firmware/src/board/uos3-proto/uart.c:25: warning: Member peripheral_uart (variable) of class UART is not documented.
/home/travis/build/uos3/obc-firmware/src/board/uos3-proto/uart.c:26: warning: Member base_gpio (variable) of class UART is not documented.
/home/travis/build/uos3/obc-firmware/src/board/uos3-proto/uart.c:27: warning: Member base_uart (variable) of class UART is not documented.
/home/travis/build/uos3/obc-firmware/src/board/uos3-proto/uart.c:28: warning: Member pin_rx_function (variable) of class UART is not documented.
/home/travis/build/uos3/obc-firmware/src/board/uos3-proto/uart.c:29: warning: Member pin_tx_function (variable) of class UART is not documented.
/home/travis/build/uos3/obc-firmware/src/board/uos3-proto/uart.c:30: warning: Member pin_rx (variable) of class UART is not documented.
/home/travis/build/uos3/obc-firmware/src/board/uos3-proto/uart.c:31: warning: Member pin_tx (variable) of class UART is not documented.
/home/travis/build/uos3/obc-firmware/src/board/uos3-proto/uart.c:32: warning: Member initialised (variable) of class UART is not documented.
/home/travis/build/uos3/obc-firmware/src/board/uos3-proto/wdt.c:19: warning: Member gpio (variable) of class WDT is not documented.
</home/travis/build/uos3/obc-firmware/src/board/uos3-proto/>:1: warning: Unsupported xml/html tag <NOT> found
/home/travis/build/uos3/obc-firmware/src/board/uos3-proto/debug.c:6: warning: Unsupported xml/html tag <NOT> found
ing docs for file /home/travis/build/uos3/obc-firmware/src/main/blinky.c...
Generating docs for file /home/travis/build/uos3/obc-firmware/src/main/cc1120_rx_sniff_mode_reg_config.h...
Generating docs for file /home/travis/build/uos3/obc-firmware/src/packet/crc16.c...
Generating docs for file /home/travis/build/uos3/obc-firmware/src/packet/sha3.c...
Generating docs for file /home/travis/build/uos3/obc-firmware/src/test.c...
Generating docs for file /home/travis/build/uos3/obc-firmware/src/test.h...
Generating page documentation...
Generating group documentation...
Generating class documentation...
Generating docs for compound buffer_cache_t...
Generating docs for compound GPIO...
Generating docs for compound LED...
Generating docs for compound packet_telecommand_512...
Generating docs for compound packet_telecommand_512_crc...
Generating docs for compound packet_telecommand_512_hash...
Generating docs for compound packet_telemetry_1024...
Generating docs for compound packet_telemetry_1024_crc...
Generating docs for compound packet_telemetry_1024_hash...
Generating docs for compound packet_telemetry_realtime...
Generating docs for compound registerSetting_t...
Generating docs for compound sha3_ctx_t...
Generating docs for compound SPI...
Generating docs for compound SPI_port...
Generating docs for compound UART...
Generating docs for compound WDT...
Generating namespace index...
Generating graph info page...
Generating directory documentation...
Generating index page...
Generating page index...
Generating module index...
Generating namespace index...
Generating namespace member index...
Generating annotated compound index...
Generating alphabetical compound index...
Generating hierarchical class index...
Generating member index...
Generating file index...
Generating file member index...
Generating example index...
finalizing index lists...
lookup cache used 385/65536 hits=2215 misses=388
finished...
